# JRE version: Java(TM) SE Runtime Environment (8.0_101-b13) (build 1.8.0_101-b13)
# Java VM: Java HotSpot(TM) 64-Bit Server VM (25.101-b13 mixed mode bsd-amd64 compressed oops)
Heap:
 PSYoungGen      total 190976K, used 129562K [0x000000076ab00000, 0x000000077b180000, 0x00000007c0000000)
  eden space 172544K, 64% used [0x000000076ab00000,0x000000077178caa0,0x0000000775380000)
  from space 18432K, 99% used [0x0000000775380000,0x0000000776579ff8,0x0000000776580000)
  to   space 21504K, 0% used [0x0000000779c80000,0x0000000779c80000,0x000000077b180000)
 ParOldGen       total 205312K, used 23493K [0x00000006c0000000, 0x00000006cc880000, 0x000000076ab00000)
  object space 205312K, 11% used [0x00000006c0000000,0x00000006c16f17b0,0x00000006cc880000)
 Metaspace       used 53131K, capacity 54140K, committed 54656K, reserved 1097728K
  class space    used 6239K, capacity 6479K, committed 6528K, reserved 1048576K
GC Heap History (10 events):
Event: 2.090 GC heap before
{Heap before GC invocations=5 (full 1):
 PSYoungGen      total 141824K, used 10722K [0x000000076ab00000, 0x0000000774000000, 0x00000007c0000000)
  eden space 131072K, 0% used [0x000000076ab00000,0x000000076ab00000,0x0000000772b00000)
  from space 10752K, 99% used [0x0000000773580000,0x0000000773ff8930,0x0000000774000000)
  to   space 10752K, 0% used [0x0000000772b00000,0x0000000772b00000,0x0000000773580000)
 ParOldGen       total 175104K, used 10335K [0x00000006c0000000, 0x00000006cab00000, 0x000000076ab00000)
  object space 175104K, 5% used [0x00000006c0000000,0x00000006c0a17ef0,0x00000006cab00000)
 Metaspace       used 20838K, capacity 21188K, committed 21296K, reserved 1069056K
  class space    used 2507K, capacity 2649K, committed 2688K, reserved 1048576K
Event: 2.153 GC heap after
Heap after GC invocations=5 (full 1):
 PSYoungGen      total 141824K, used 0K [0x000000076ab00000, 0x0000000774000000, 0x00000007c0000000)
  eden space 131072K, 0% used [0x000000076ab00000,0x000000076ab00000,0x0000000772b00000)
  from space 10752K, 0% used [0x0000000773580000,0x0000000773580000,0x0000000774000000)
  to   space 10752K, 0% used [0x0000000772b00000,0x0000000772b00000,0x0000000773580000)
 ParOldGen       total 134656K, used 19419K [0x00000006c0000000, 0x00000006c8380000, 0x000000076ab00000)
  object space 134656K, 14% used [0x00000006c0000000,0x00000006c12f6f80,0x00000006c8380000)
 Metaspace       used 20838K, capacity 21188K, committed 21296K, reserved 1069056K
  class space    used 2507K, capacity 2649K, committed 2688K, reserved 1048576K
}
Event: 4.843 GC heap before
{Heap before GC invocations=6 (full 1):
 PSYoungGen      total 141824K, used 131072K [0x000000076ab00000, 0x0000000774000000, 0x00000007c0000000)
  eden space 131072K, 100% used [0x000000076ab00000,0x0000000772b00000,0x0000000772b00000)
  from space 10752K, 0% used [0x0000000773580000,0x0000000773580000,0x0000000774000000)
  to   space 10752K, 0% used [0x0000000772b00000,0x0000000772b00000,0x0000000773580000)
 ParOldGen       total 134656K, used 19419K [0x00000006c0000000, 0x00000006c8380000, 0x000000076ab00000)
  object space 134656K, 14% used [0x00000006c0000000,0x00000006c12f6f80,0x00000006c8380000)
 Metaspace       used 30570K, capacity 31290K, committed 31488K, reserved 1077248K
  class space    used 3610K, capacity 3807K, committed 3840K, reserved 1048576K
Event: 4.853 GC heap after
Heap after GC invocations=6 (full 1):
 PSYoungGen      total 141824K, used 9937K [0x000000076ab00000, 0x0000000777780000, 0x00000007c0000000)
  eden space 131072K, 0% used [0x000000076ab00000,0x000000076ab00000,0x0000000772b00000)
  from space 10752K, 92% used [0x0000000772b00000,0x00000007734b44c8,0x0000000773580000)
  to   space 18432K, 0% used [0x0000000776580000,0x0000000776580000,0x0000000777780000)
 ParOldGen       total 134656K, used 19427K [0x00000006c0000000, 0x00000006c8380000, 0x000000076ab00000)
  object space 134656K, 14% used [0x00000006c0000000,0x00000006c12f8f80,0x00000006c8380000)
 Metaspace       used 30570K, capacity 31290K, committed 31488K, reserved 1077248K
  class space    used 3610K, capacity 3807K, committed 3840K, reserved 1048576K
}
Event: 5.131 GC heap before
{Heap before GC invocations=7 (full 1):
 PSYoungGen      total 141824K, used 45560K [0x000000076ab00000, 0x0000000777780000, 0x00000007c0000000)
  eden space 131072K, 27% used [0x000000076ab00000,0x000000076cdc9c68,0x0000000772b00000)
  from space 10752K, 92% used [0x0000000772b00000,0x00000007734b44c8,0x0000000773580000)
  to   space 18432K, 0% used [0x0000000776580000,0x0000000776580000,0x0000000777780000)
 ParOldGen       total 134656K, used 19427K [0x00000006c0000000, 0x00000006c8380000, 0x000000076ab00000)
  object space 134656K, 14% used [0x00000006c0000000,0x00000006c12f8f80,0x00000006c8380000)
 Metaspace       used 34498K, capacity 35250K, committed 35456K, reserved 1081344K
  class space    used 4168K, capacity 4399K, committed 4480K, reserved 1048576K
Event: 5.137 GC heap after
Heap after GC invocations=7 (full 1):
 PSYoungGen      total 190976K, used 8202K [0x000000076ab00000, 0x0000000777b00000, 0x00000007c0000000)
  eden space 172544K, 0% used [0x000000076ab00000,0x000000076ab00000,0x0000000775380000)
  from space 18432K, 44% used [0x0000000776580000,0x0000000776d829c8,0x0000000777780000)
  to   space 18432K, 0% used [0x0000000775380000,0x0000000775380000,0x0000000776580000)
 ParOldGen       total 134656K, used 19499K [0x00000006c0000000, 0x00000006c8380000, 0x000000076ab00000)
  object space 134656K, 14% used [0x00000006c0000000,0x00000006c130af90,0x00000006c8380000)
 Metaspace       used 34498K, capacity 35250K, committed 35456K, reserved 1081344K
  class space    used 4168K, capacity 4399K, committed 4480K, reserved 1048576K
}
Event: 5.137 GC heap before
{Heap before GC invocations=8 (full 2):
 PSYoungGen      total 190976K, used 8202K [0x000000076ab00000, 0x0000000777b00000, 0x00000007c0000000)
  eden space 172544K, 0% used [0x000000076ab00000,0x000000076ab00000,0x0000000775380000)
  from space 18432K, 44% used [0x0000000776580000,0x0000000776d829c8,0x0000000777780000)
  to   space 18432K, 0% used [0x0000000775380000,0x0000000775380000,0x0000000776580000)
 ParOldGen       total 134656K, used 19499K [0x00000006c0000000, 0x00000006c8380000, 0x000000076ab00000)
  object space 134656K, 14% used [0x00000006c0000000,0x00000006c130af90,0x00000006c8380000)
 Metaspace       used 34498K, capacity 35250K, committed 35456K, reserved 1081344K
  class space    used 4168K, capacity 4399K, committed 4480K, reserved 1048576K
Event: 5.207 GC heap after
Heap after GC invocations=8 (full 2):
 PSYoungGen      total 190976K, used 0K [0x000000076ab00000, 0x0000000777b00000, 0x00000007c0000000)
  eden space 172544K, 0% used [0x000000076ab00000,0x000000076ab00000,0x0000000775380000)
  from space 18432K, 0% used [0x0000000776580000,0x0000000776580000,0x0000000777780000)
  to   space 18432K, 0% used [0x0000000775380000,0x0000000775380000,0x0000000776580000)
 ParOldGen       total 205312K, used 22752K [0x00000006c0000000, 0x00000006cc880000, 0x000000076ab00000)
  object space 205312K, 11% used [0x00000006c0000000,0x00000006c16380e0,0x00000006cc880000)
 Metaspace       used 34338K, capacity 35066K, committed 35456K, reserved 1081344K
  class space    used 4135K, capacity 4359K, committed 4480K, reserved 1048576K
}
Event: 32.252 GC heap before
{Heap before GC invocations=9 (full 2):
 PSYoungGen      total 190976K, used 172544K [0x000000076ab00000, 0x0000000777b00000, 0x00000007c0000000)
  eden space 172544K, 100% used [0x000000076ab00000,0x0000000775380000,0x0000000775380000)
  from space 18432K, 0% used [0x0000000776580000,0x0000000776580000,0x0000000777780000)
  to   space 18432K, 0% used [0x0000000775380000,0x0000000775380000,0x0000000776580000)
 ParOldGen       total 205312K, used 22752K [0x00000006c0000000, 0x00000006cc880000, 0x000000076ab00000)
  object space 205312K, 11% used [0x00000006c0000000,0x00000006c16380e0,0x00000006cc880000)
 Metaspace       used 46152K, capacity 47010K, committed 47360K, reserved 1091584K
  class space    used 5535K, capacity 5790K, committed 5888K, reserved 1048576K
Event: 32.266 GC heap after
Heap after GC invocations=9 (full 2):
 PSYoungGen      total 190976K, used 18407K [0x000000076ab00000, 0x000000077b180000, 0x00000007c0000000)
  eden space 172544K, 0% used [0x000000076ab00000,0x000000076ab00000,0x0000000775380000)
  from space 18432K, 99% used [0x0000000775380000,0x0000000776579ff8,0x0000000776580000)
  to   space 21504K, 0% used [0x0000000779c80000,0x0000000779c80000,0x000000077b180000)
 ParOldGen       total 205312K, used 23493K [0x00000006c0000000, 0x00000006cc880000, 0x000000076ab00000)
  object space 205312K, 11% used [0x00000006c0000000,0x00000006c16f17b0,0x00000006cc880000)
 Metaspace       used 46152K, capacity 47010K, committed 47360K, reserved 1091584K
  class space    used 5535K, capacity 5790K, committed 5888K, reserved 1048576K
}

